<?xml version="1.0" encoding="UTF-8"?>
<testsuite name="high_st_hospital.HospitalTest" tests="1" skipped="0" failures="0" errors="0" timestamp="2020-12-10T11:53:21" hostname="WECANCODEIT-201" time="0.005">
  <properties/>
  <testcase name="shouldReturnListOfAllEmployees" classname="high_st_hospital.HospitalTest" time="0.005"/>
  <system-out><![CDATA[]]></system-out>
  <system-err><![CDATA[]]></system-err>
</testsuite>
