<?xml version="1.0" encoding="UTF-8"?>
<testsuite name="high_st_hospital.JanitorTest" tests="1" skipped="0" failures="0" errors="0" timestamp="2020-12-10T16:57:24" hostname="WECANCODEIT-201" time="0.007">
  <properties/>
  <testcase name="janitorShouldBeSweeping" classname="high_st_hospital.JanitorTest" time="0.007"/>
  <system-out><![CDATA[]]></system-out>
  <system-err><![CDATA[]]></system-err>
</testsuite>
